<?xml version="1.0" encoding="UTF-8"?>
<testsuite name="Cucumber" time="0.357" tests="3" skipped="0" failures="3" errors="0">
<testcase classname="Free CRM Login Feature" name="Free CRM Login Test Scenario" time="0.016">
<failure/>
<system-out><![CDATA[
Given user is already on Login Page.........................................undefined
When title of login page is Free CRM........................................skipped
Then user enters "naveenk" and "test@123"...................................skipped
Then user clicks on login button............................................skipped
Then user is on home page...................................................skipped
]]></system-out>
</testcase>
<testcase classname="Free CRM Login Feature" name="Free CRM Login Test Scenario - #1.1" time="0.006">
<failure/>
<system-out><![CDATA[
Given user is already on Login Page.........................................undefined
When title of login page is Free CRM........................................skipped
Then user enters "naveenk" and "test@123"...................................skipped
Then user clicks on login button............................................skipped
Then user is on home page...................................................skipped
Then Close the browser......................................................skipped
]]></system-out>
</testcase>
<testcase classname="Free CRM Login Feature" name="Free CRM Login Test Scenario - #1.2" time="0.008">
<failure/>
<system-out><![CDATA[
Given user is already on Login Page.........................................undefined
When title of login page is Free CRM........................................skipped
Then user enters "tom" and "test456"........................................skipped
Then user clicks on login button............................................skipped
Then user is on home page...................................................skipped
Then Close the browser......................................................skipped
]]></system-out>
</testcase>
</testsuite>
